{
  "stats": {
    "suites": 1,
    "tests": 12,
    "passes": 12,
    "pending": 0,
    "failures": 0,
    "start": "2024-05-13T13:05:59.526Z",
    "end": "2024-05-13T13:19:45.065Z",
    "duration": 825539,
    "testsRegistered": 12,
    "passPercent": 100,
    "pendingPercent": 0,
    "other": 0,
    "hasOther": false,
    "skipped": 0,
    "hasSkipped": false
  },
  "results": [
    {
      "uuid": "432192a3-aea9-4b7a-bd5f-ea115da2e408",
      "title": "",
      "fullFile": "cypress\\e2e\\Contrat-Sante-SMG-etude-sur-garanties\\Contrat-Sante-SMG-etude-sur-garanties.cy.js",
      "file": "cypress\\e2e\\Contrat-Sante-SMG-etude-sur-garanties\\Contrat-Sante-SMG-etude-sur-garanties.cy.js",
      "beforeHooks": [],
      "afterHooks": [],
      "tests": [],
      "suites": [
        {
          "uuid": "ddfd439b-e978-49d3-b096-ca247f1a84b6",
          "title": "My Web Application Tests",
          "fullFile": "",
          "file": "",
          "beforeHooks": [],
          "afterHooks": [],
          "tests": [
            {
              "title": "create Saisie",
              "fullTitle": "My Web Application Tests create Saisie",
              "timedOut": null,
              "duration": 70239,
              "state": "passed",
              "speed": "slow",
              "pass": true,
              "fail": false,
              "pending": false,
              "context": null,
              "code": "cy.visit('/');\nLogin(b012cag.username, b012cag.password);\nCypress.on('uncaught:exception', (err, runnable) => {\n  Cypress.runner.stop(); // Stop the test run\n});\nCypress.on('fail', (error, runnable) => {\n  Cypress.runner.stop(); // Stop the test run\n});\nconst isLoginSuccessful = checkLogin(b012cag.username, b012cag.password, b012cag);\nif (isLoginSuccessful) {\n  cy.visit('/');\n  cy.get('.create-request button').should('exist').click({\n    waitForAnimations: false\n  });\n  addEtablisement();\n  cy.get('#scrollTopBtn').should('exist').click();\n  cy.get('.checkmark-container input[type=checkbox]').first().should('exist').click({\n    force: true\n  });\n  cy.get('.broker-inspector-info a').should('exist').click();\n  addApporteur();\n  cy.get('.project-description a').should('exist').click();\n  cy.wait(3000);\n  projectDescription();\n  cy.get('.Synthese-saisie a').should('exist').click();\n  cy.get('app-validation-sasie .style-save button').should('exist').click({\n    waitForAnimations: false\n  });\n  cy.get('.validation-saisie a').should('exist').click({\n    waitForAnimations: false\n  });\n  cy.get(\".request-reason\").should('exist').click({\n    waitForAnimations: false\n  });\n  cy.get(\".p-dropdown-filter\").should('exist').type(\"Conquête\");\n  cy.get('p-dropdownitem').contains(\"Conquête\").should('exist').click();\n  cy.get('app-synthese-saisie .create-project button').should('exist').click({\n    waitForAnimations: false\n  });\n  cy.get(\".open-project\").should('exist').click({\n    waitForAnimations: false\n  });\n  cy.wait(7000);\n  cy.url().then(url => {\n    const uri = url.split('/').slice(3).join('/');\n    NUM_PROJET = uri.split('#/project?numProject=').join('');\n  });\n} else {\n  console.log('Login failed');\n}",
              "err": {},
              "uuid": "645c9ef1-e3a9-4921-982a-d63269c6e53b",
              "parentUUID": "ddfd439b-e978-49d3-b096-ca247f1a84b6",
              "isHook": false,
              "skipped": false
            },
            {
              "title": "create Project",
              "fullTitle": "My Web Application Tests create Project",
              "timedOut": null,
              "duration": 218670,
              "state": "passed",
              "speed": "slow",
              "pass": true,
              "fail": false,
              "pending": false,
              "context": null,
              "code": "cy.wait(1000);\ncy.visit('/');\ncy.wait(500);\ncy.reload(true);\nLogin(b300nqa.username, b300nqa.password);\nCypress.on('uncaught:exception', (err, runnable) => {\n  Cypress.runner.stop(); // Stop the test run\n});\nCypress.on('fail', (error, runnable) => {\n  Cypress.runner.stop(); // Stop the test run\n});\nconst isLoginSuccessful = checkLogin(b300nqa.username, b300nqa.password, b300nqa);\nif (isLoginSuccessful) {\n  cy.visit('/');\n  cy.reload(true);\n  cy.get('.search-tabs ul li').eq(1).click();\n  cy.get(\"#numproject\").should('exist').type(NUM_PROJET);\n  cy.get('app-project-project-search-input .search  button').should('exist').click();\n  cy.get('.project-0 .button-expandable-project button').should('exist').click();\n  cy.get('.row-expanded .vp-col-actions .plm-grouped-button button').should('exist').click();\n  cy.get('.assigner-action button').should('exist').click();\n  cy.wait(3000);\n  cy.get('.row-expanded .vp-col-actions .plm-grouped-button button').should('exist').click();\n  cy.get(' .ouvrir-action button').should('exist').click({\n    waitForAnimations: false\n  });\n  cy.contains('li span', 'Contexte du projet').click({\n    waitForAnimations: false\n  });\n  cy.get('.risk-sante button').should('exist').click();\n  cy.contains('.p-datepicker-buttonbar button span', \"Aujourd'hui\").click({\n    waitForAnimations: false\n  });\n  cy.wait(2000);\n  addDynamiqueData(CONTEXTPROJET);\n  cy.get('#scrollTopBtn').should('exist').click({\n    waitForAnimations: false\n  });\n  cy.get('.suivant-action button').should('exist').click({\n    waitForAnimations: false\n  });\n  cy.contains('li span', 'Démographie').click();\n  cy.wait(2000);\n  addDynamiqueData(DEMOGRAPHY);\n  cy.get('#scrollTopBtn').should('exist').click({\n    waitForAnimations: false\n  });\n  cy.get('.valider-demographie').should('exist').click({\n    waitForAnimations: false\n  });\n  cy.wait(2000);\n  cy.contains('li span', 'Contrat actuel et statistiques santé').click();\n  cy.wait(2000);\n  cy.get('.college-id').scrollIntoView();\n  cy.wait(2000);\n  addDynamiqueData(CONTRACTACUELSTATISTIQUES);\n  cy.get('.valider-info-contrat').should('exist').click({\n    waitForAnimations: false\n  });\n  cy.wait(5000);\n  cy.document().then(doc => {\n    cy.get('.create-etude').scrollIntoView();\n    //doc.documentElement.scrollTop += 70;\n  });\n  cy.get('.create-etude').should('exist').click({\n    waitForAnimations: false\n  });\n  cy.wait(1000);\n  addDynamiqueData(ETUDEDIALOG);\n  cy.document().then(doc => {\n    let numProjet = doc.querySelector('.numProject > input[type=\"text\"]').id;\n    let risqueUrl = doc.querySelector('.risque > input[type=\"text\"]').id;\n    let tarificationTypeUrl = doc.querySelector('.type-de-tarification > p-dropdown span').textContent == 'Tarification sur garanties' ? \"garantie\" : \"statistique\";\n    let commercialProduct = doc.querySelectorAll('.commercial-product > p-dropdown span span')[1].id;\n    cy.visit(`/etudes/${tarificationTypeUrl}/${risqueUrl}?numProject=${numProjet}&commercialProduct=${commercialProduct}`);\n  });\n  addDynamiqueData(PERIMETREETUDE);\n  cy.contains('li span', 'Source de tarification').click();\n  cy.get(\"#enterpriseByDemograhpy-0 input[type=checkbox]\").click({\n    force: true\n  });\n  cy.get('.valider-source-tarification').should('exist').click({\n    waitForAnimations: false\n  });\n  cy.wait(13000);\n  cy.contains('li span', 'Tarif').click();\n  cy.get('.tarifer').should('exist').click({\n    waitForAnimations: false\n  });\n  cy.wait(4000);\n  cy.get('.save-etude').should('exist').click({\n    waitForAnimations: false\n  });\n  cy.wait(4000);\n  cy.get('.figer-etude').should('exist').click({\n    waitForAnimations: false\n  });\n  cy.wait(4000);\n  cy.visit('/');\n  cy.get('.search-tabs ul li').eq(1).click();\n  cy.get(\"#numproject\").should('exist').type(NUM_PROJET);\n  cy.get('app-project-project-search-input .search  button').should('exist').click();\n  cy.get('.project-0 .button-expandable-project button').should('exist').click();\n  cy.get('.row-expanded .Process_Projet .vp-col-actions .plm-grouped-button button').should('exist').click();\n  cy.get('.ouvrir-action button').should('exist').click({\n    waitForAnimations: false\n  });\n  cy.contains('li span', 'Vue multi-étude').click();\n  cy.get('.add-synthesis').should('exist').click({\n    waitForAnimations: false\n  });\n  cy.get('.simulation-etude-0 .pi-chevron-right').should('exist').click();\n  cy.get('.simulation-0 p-checkbox').should('exist').click();\n  cy.get('.add-cotation').should('exist').click({\n    waitForAnimations: false\n  });\n  cy.get('.reponse-tarifaire').should('exist').click({\n    waitForAnimations: false\n  });\n  cy.contains('li span', \"Offre commerciale\").click({\n    waitForAnimations: false\n  });\n} else {\n  console.log('Login failed');\n}",
              "err": {},
              "uuid": "ffb854ad-2aa4-4a00-9129-e25490002145",
              "parentUUID": "ddfd439b-e978-49d3-b096-ca247f1a84b6",
              "isHook": false,
              "skipped": false
            },
            {
              "title": "Réponse tarifaire en instance",
              "fullTitle": "My Web Application Tests Réponse tarifaire en instance",
              "timedOut": null,
              "duration": 37880,
              "state": "passed",
              "speed": "slow",
              "pass": true,
              "fail": false,
              "pending": false,
              "context": null,
              "code": "cy.wait(1000);\ncy.visit('/');\ncy.wait(500);\ncy.reload(true);\nLogin(b011jpz.username, b011jpz.password);\nCypress.on('uncaught:exception', (err, runnable) => {\n  Cypress.runner.stop(); // Stop the test run\n});\nCypress.on('fail', (error, runnable) => {\n  Cypress.runner.stop(); // Stop the test run\n});\nconst isLoginSuccessful = checkLogin(b011jpz.username, b011jpz.password, b011jpz);\nif (isLoginSuccessful) {\n  cy.visit('/');\n  cy.reload(true);\n  cy.get('.search-tabs ul li').eq(1).click();\n  cy.get(\"#numproject\").should('exist').type(NUM_PROJET);\n  cy.get('app-project-project-search-input .search  button').should('exist').click();\n  cy.get('.project-0 .button-expandable-project button').should('exist').click();\n  cy.get('.row-expanded .vp-col-actions .plm-grouped-button button').should('exist').click();\n  cy.get('.assigner-action button').should('exist').click();\n  cy.wait(3000);\n  cy.get('.row-expanded .vp-col-actions .plm-grouped-button button').should('exist').click();\n  cy.get(' .ouvrir-action button').should('exist').click({\n    waitForAnimations: false\n  });\n  cy.wait(3000);\n  cy.get('.actions-cell .actions .p-splitbutton-menubutton').should('exist').click();\n  cy.get('#validationAccordClient').should('exist').click();\n  cy.wait(6000);\n  cy.get('.actions-cell .actions .p-splitbutton-menubutton').should('exist').click();\n  cy.get('#confirmAccordClient').should('exist').click();\n  cy.wait(5000);\n} else {\n  console.log('Login failed');\n}",
              "err": {},
              "uuid": "cf051354-c889-4f5d-a70a-6695a374e573",
              "parentUUID": "ddfd439b-e978-49d3-b096-ca247f1a84b6",
              "isHook": false,
              "skipped": false
            },
            {
              "title": "validation Accord Client BY souscripteur",
              "fullTitle": "My Web Application Tests validation Accord Client BY souscripteur",
              "timedOut": null,
              "duration": 67315,
              "state": "passed",
              "speed": "slow",
              "pass": true,
              "fail": false,
              "pending": false,
              "context": null,
              "code": "cy.wait(1000);\ncy.visit('/');\ncy.wait(500);\ncy.reload(true);\nLogin(b300nqa.username, b300nqa.password);\nCypress.on('uncaught:exception', (err, runnable) => {\n  Cypress.runner.stop(); // Stop the test run\n});\nCypress.on('fail', (error, runnable) => {\n  Cypress.runner.stop(); // Stop the test run\n});\nconst isLoginSuccessful = checkLogin(b300nqa.username, b300nqa.password, b300nqa);\nif (isLoginSuccessful) {\n  cy.visit('/');\n  cy.reload(true);\n  cy.get('.search-tabs ul li').eq(1).click();\n  cy.get(\"#numproject\").should('exist').type(NUM_PROJET);\n  cy.get('app-project-project-search-input .search  button').should('exist').click();\n  cy.get('.project-0 .button-expandable-project button').should('exist').click();\n  cy.get('.row-expanded .Process_Cotation .vp-col-actions .plm-grouped-button button').should('exist').click();\n  cy.get('.assigner-action button').should('exist').click();\n  cy.wait(3000);\n  cy.get('.row-expanded .Process_Cotation .vp-col-actions .plm-grouped-button button').should('exist').click();\n  cy.get(' .ouvrir-action button').should('exist').click({\n    waitForAnimations: false\n  });\n  cy.wait(3000);\n  cy.get('.actions-cell a').should('exist').click();\n  cy.get('app-etude-table .p-panel-icons-end button').should('exist').click();\n  cy.get('.redirectToAccordClient').should('exist').click();\n  cy.wait(4000);\n  cy.contains('li span', \"Accord client\").click({\n    waitForAnimations: false\n  });\n  addDynamiqueData(COMPLETERETUDE);\n  cy.get('.actions-etude-finaliser .p-splitbutton-menubutton').should('exist').click();\n  cy.get('.finaliser-etude').should('exist').click();\n  cy.wait(6000).then(() => {\n    cy.visit('/');\n    cy.reload(true);\n    cy.get('.search-tabs ul li').eq(1).click();\n    cy.get(\"#numproject\").should('exist').type(NUM_PROJET);\n    cy.get('app-project-project-search-input .search  button').should('exist').click();\n    cy.get('.project-0 .button-expandable-project button').should('exist').click();\n    cy.get('.row-expanded .Process_Cotation .vp-col-actions .plm-grouped-button button').should('exist').click();\n    cy.get(' .ouvrir-action button').should('exist').click({\n      waitForAnimations: false\n    });\n    cy.get('.actions-cell .actions .p-splitbutton-menubutton').should('exist').click();\n    cy.get('#validerAccordClient').should('exist').click();\n    cy.wait(5000);\n  });\n} else {\n  console.log('Login failed');\n}",
              "err": {},
              "uuid": "bdd7c3ff-0b65-43fb-bfb1-c07a3733bc66",
              "parentUUID": "ddfd439b-e978-49d3-b096-ca247f1a84b6",
              "isHook": false,
              "skipped": false
            },
            {
              "title": "Demander l’émission",
              "fullTitle": "My Web Application Tests Demander l’émission",
              "timedOut": null,
              "duration": 33579,
              "state": "passed",
              "speed": "slow",
              "pass": true,
              "fail": false,
              "pending": false,
              "context": null,
              "code": "cy.wait(1000);\ncy.visit('/');\ncy.wait(500);\ncy.reload(true);\nLogin(b011jpz.username, b011jpz.password);\nCypress.on('uncaught:exception', (err, runnable) => {\n  Cypress.runner.stop(); // Stop the test run\n});\nCypress.on('fail', (error, runnable) => {\n  Cypress.runner.stop(); // Stop the test run\n});\nconst isLoginSuccessful = checkLogin(b011jpz.username, b011jpz.password, b011jpz);\nif (isLoginSuccessful) {\n  cy.visit('/');\n  cy.reload(true);\n  cy.get('.search-tabs ul li').eq(1).click();\n  cy.get(\"#numproject\").should('exist').type(NUM_PROJET);\n  cy.get('app-project-project-search-input .search  button').should('exist').click();\n  cy.get('.project-0 .button-expandable-project button').should('exist').click();\n  cy.get('.row-expanded .Process_Cotation .vp-col-actions .plm-grouped-button button').should('exist').click();\n  cy.get('.assigner-action button').should('exist').click();\n  cy.wait(3000);\n  cy.get('.row-expanded .Process_Cotation .vp-col-actions .plm-grouped-button button').should('exist').click();\n  cy.get(' .ouvrir-action button').should('exist').click({\n    waitForAnimations: false\n  });\n  cy.wait(3000);\n  cy.get('.actions-cell .actions .p-splitbutton-menubutton').should('exist').click();\n  cy.get('#demanderEmission').should('exist').click();\n  cy.wait(1000);\n  cy.get('.accept').should('exist').click();\n  cy.wait(12000);\n} else {\n  console.log('Login failed');\n}",
              "err": {},
              "uuid": "5af2c74a-b068-4a34-b806-55e2564e4d37",
              "parentUUID": "ddfd439b-e978-49d3-b096-ca247f1a84b6",
              "isHook": false,
              "skipped": false
            },
            {
              "title": "structuration",
              "fullTitle": "My Web Application Tests structuration",
              "timedOut": null,
              "duration": 45936,
              "state": "passed",
              "speed": "slow",
              "pass": true,
              "fail": false,
              "pending": false,
              "context": null,
              "code": "cy.wait(1000);\ncy.visit('/');\ncy.wait(500);\ncy.reload(true);\nLogin(b011jpz.username, b011jpz.password);\nCypress.on('uncaught:exception', (err, runnable) => {\n  Cypress.runner.stop(); // Stop the test run\n});\nCypress.on('fail', (error, runnable) => {\n  Cypress.runner.stop(); // Stop the test run\n});\nconst isLoginSuccessful = checkLogin(b011jpz.username, b011jpz.password, b011jpz);\nif (isLoginSuccessful) {\n  cy.visit('/');\n  cy.reload(true);\n  cy.get('.search-tabs ul li').eq(1).click();\n  cy.get(\"#numproject\").should('exist').type(NUM_PROJET);\n  cy.get('app-project-project-search-input .search  button').should('exist').click();\n  cy.get('.project-0 .button-expandable-project button').should('exist').click();\n  cy.get('.row-expanded .vp-col-actions .plm-grouped-button button').should('exist').click();\n  cy.get('.assigner-action button').should('exist').click();\n  cy.wait(3000);\n  cy.get('.row-expanded .vp-col-actions .plm-grouped-button button').should('exist').click();\n  cy.get(' .ouvrir-action button').should('exist').click({\n    waitForAnimations: false\n  });\n  cy.get('.actions-cell a').should('exist').click();\n  cy.get('app-etude-table .p-panel-icons-end button').should('exist').click();\n  cy.get('.tarif-0 .contrats-link').should('exist').click();\n  cy.wait(2000);\n  cy.get('.check-all p-inputswitch').should('exist').click();\n  cy.get('.structurer-btn').should('exist').click();\n  cy.wait(1000);\n  cy.get('#contractType-0').click({\n    force: true\n  });\n  cy.wait(500);\n  cy.get('.contract-ref-0').should('exist').click();\n  cy.get('.structurer-save').should('exist').click();\n  cy.wait(2000);\n  cy.get('.check-all p-inputswitch').should('exist').click();\n  cy.get('.numeroter-btn').should('exist').click();\n  cy.wait(1000);\n  cy.get('.reserver-num-contrat').should('exist').click();\n  cy.wait(2000);\n  cy.get('.actions-cell .actions .p-splitbutton-menubutton').should('exist').click();\n  cy.get('#demanderRedaction').should('exist').click();\n  cy.wait(6000);\n} else {\n  console.log('Login failed');\n}",
              "err": {},
              "uuid": "1d5276ef-f7c0-4f1a-832b-2472de5f2f22",
              "parentUUID": "ddfd439b-e978-49d3-b096-ca247f1a84b6",
              "isHook": false,
              "skipped": false
            },
            {
              "title": "En Rédaction vers Projet de PC à envoyer",
              "fullTitle": "My Web Application Tests En Rédaction vers Projet de PC à envoyer",
              "timedOut": null,
              "duration": 148967,
              "state": "passed",
              "speed": "slow",
              "pass": true,
              "fail": false,
              "pending": false,
              "context": null,
              "code": "cy.wait(1000);\ncy.visit('/');\ncy.wait(1000);\ncy.reload(true);\nLogin(b011juc.username, b011juc.password);\nCypress.on('fail', (error, runnable) => {\n  Cypress.runner.stop(); // Stop the test run\n});\nconst isLoginSuccessful = checkLogin(b011juc.username, b011juc.password, b011juc);\nif (isLoginSuccessful) {\n  cy.visit('/');\n  cy.get('.search-tabs ul li').eq(1).click();\n  cy.get(\"#numproject\").should('exist').type(NUM_PROJET);\n  cy.get('app-project-project-search-input .search  button').should('exist').click();\n  cy.get('.project-0 .button-expandable-project button').should('exist').click();\n  cy.get('.row-expanded .Process_Cotation .vp-col-actions .plm-grouped-button button').should('exist').click();\n  cy.get('.assigner-action button').should('exist').click();\n  cy.wait(3000);\n  cy.get('.row-expanded .Process_Cotation .vp-col-actions .plm-grouped-button button').should('exist').click();\n  cy.get(' .ouvrir-action button').should('exist').click({\n    waitForAnimations: false\n  });\n  cy.wait(500);\n  cy.get('.actions-cell .actions .p-splitbutton-menubutton').should('exist').click();\n  cy.get('#validerDemandeRedaction').should('exist').click();\n  cy.wait(3000);\n  Object.entries(nommer_redacteur_technico_commercial).forEach(([key, value]) => {\n    if (nommer_redacteur_technico_commercial[key].type == 'dropDown') {\n      cy.wait(500).then(() => {\n        cy.get(nommer_redacteur_technico_commercial[key].selectorAttr).should('exist').click();\n        cy.get(\".p-dropdown-filter\").should('exist').type(nommer_redacteur_technico_commercial[key].value);\n        cy.get('p-dropdownitem').contains(nommer_redacteur_technico_commercial[key].value).should('exist').click();\n      });\n    }\n  });\n  cy.get('.valider').should('exist').click();\n  cy.wait(6000);\n  cy.get('.actions-cell a').scrollIntoView();\n  cy.get('.actions-cell a').should('exist').click({\n    waitForAnimations: false\n  });\n  cy.get('app-etude-table .p-panel-icons-end button').should('exist').click({\n    waitForAnimations: false\n  });\n  cy.get('.tarif-0 .contrats-link').should('exist').click({\n    waitForAnimations: false\n  });\n  cy.wait(500);\n  cy.get('.check-all p-inputswitch').should('exist').click({\n    waitForAnimations: false\n  });\n  cy.wait(2000);\n  chooseClause();\n  cy.wait(8000);\n  generateDoc();\n  cy.get(\".contractStatusDropDown .p-dropdown-trigger\").should('exist').click();\n  cy.get('p-dropdownitem ').contains(\"Projet PC\").should('exist').click();\n  cy.wait(2000);\n  cy.get('.changer-status-btn button').should('exist').click({\n    waitForAnimations: false\n  });\n  cy.wait(2000);\n  cy.get('.check-all p-inputswitch').should('exist').click({\n    waitForAnimations: false\n  });\n  cy.wait(1000);\n  cy.get('.transmettre-pc-btn button').should('exist').click({\n    waitForAnimations: false\n  });\n  cy.get('.check-all p-inputswitch').should('exist').click({\n    waitForAnimations: false\n  });\n} else {\n  console.log('Login failed');\n}",
              "err": {},
              "uuid": "e9fe8393-578a-46df-adc1-3f302058ee6e",
              "parentUUID": "ddfd439b-e978-49d3-b096-ca247f1a84b6",
              "isHook": false,
              "skipped": false
            },
            {
              "title": "Projet de PC à envoyer vers Demande de retouche",
              "fullTitle": "My Web Application Tests Projet de PC à envoyer vers Demande de retouche",
              "timedOut": null,
              "duration": 33419,
              "state": "passed",
              "speed": "slow",
              "pass": true,
              "fail": false,
              "pending": false,
              "context": null,
              "code": "cy.wait(1000);\ncy.visit('/');\ncy.wait(500);\ncy.reload(true);\nLogin(b011jpz.username, b011jpz.password);\nCypress.on('uncaught:exception', (err, runnable) => {\n  Cypress.runner.stop(); // Stop the test run\n});\nCypress.on('fail', (error, runnable) => {\n  Cypress.runner.stop(); // Stop the test run\n});\nconst isLoginSuccessful = checkLogin(b011jpz.username, b011jpz.password, b011jpz);\nif (isLoginSuccessful) {\n  cy.visit('/');\n  cy.reload(true);\n  cy.get('.search-tabs ul li').eq(1).click();\n  cy.get(\"#numproject\").should('exist').type(NUM_PROJET);\n  cy.get('app-project-project-search-input .search  button').should('exist').click();\n  cy.get('.project-0 .button-expandable-project button').should('exist').click();\n  cy.get('.row-expanded tr:first-child .vp-col-actions .plm-grouped-button button').should('exist').click();\n  cy.get(' .ouvrir-action button').should('exist').click({\n    waitForAnimations: false\n  });\n  cy.get('.actions-cell a').should('exist').click();\n  cy.get('app-etude-table .p-panel-icons-end button').should('exist').click();\n  cy.get('.tarif-0 .contrats-link').should('exist').click();\n  cy.wait(1000);\n  cy.get('.check-all p-inputswitch').should('exist').click();\n  cy.wait(1000);\n  cy.get('.demande-de-retouche-btn button').should('exist').click();\n  cy.get('.check-all p-inputswitch').should('exist').click({\n    waitForAnimations: false\n  });\n} else {\n  console.log('Login failed');\n}",
              "err": {},
              "uuid": "b594ac71-8424-47d4-9b29-6c103b1ae9bb",
              "parentUUID": "ddfd439b-e978-49d3-b096-ca247f1a84b6",
              "isHook": false,
              "skipped": false
            },
            {
              "title": "Demande de retouche vers Projet de PC à envoyer",
              "fullTitle": "My Web Application Tests Demande de retouche vers Projet de PC à envoyer",
              "timedOut": null,
              "duration": 47391,
              "state": "passed",
              "speed": "slow",
              "pass": true,
              "fail": false,
              "pending": false,
              "context": null,
              "code": "cy.wait(1000);\ncy.visit('/');\ncy.wait(500);\ncy.reload(true);\nLogin(b011juc.username, b011juc.password);\nCypress.on('uncaught:exception', (err, runnable) => {\n  Cypress.runner.stop(); // Stop the test run\n});\nCypress.on('fail', (error, runnable) => {\n  Cypress.runner.stop(); // Stop the test run\n});\nconst isLoginSuccessful = checkLogin(b011juc.username, b011juc.password, b011juc);\nif (isLoginSuccessful) {\n  cy.visit('/');\n  cy.reload(true);\n  cy.get('.search-tabs ul li').eq(1).click();\n  cy.get(\"#numproject\").should('exist').type(NUM_PROJET);\n  cy.get('app-project-project-search-input .search  button').should('exist').click();\n  cy.get('.project-0 .button-expandable-project button').should('exist').click();\n  cy.get('.row-expanded .Process_Cotation .vp-col-actions .plm-grouped-button button').should('exist').click();\n  cy.get(' .ouvrir-action button').should('exist').click({\n    waitForAnimations: false\n  });\n  cy.wait(500);\n  cy.get('.actions-cell a').should('exist').click({\n    waitForAnimations: false\n  });\n  cy.get('app-etude-table .p-panel-icons-end button').should('exist').click({\n    waitForAnimations: false\n  });\n  cy.get('.tarif-0 .contrats-link').should('exist').click({\n    waitForAnimations: false\n  });\n  cy.wait(500);\n  cy.get('.check-all p-inputswitch').should('exist').click({\n    waitForAnimations: false\n  });\n  cy.wait(1000);\n  cy.get(\".contractStatusDropDown .p-dropdown-trigger\").should('exist').click();\n  cy.get('p-dropdownitem').contains(\"Projet PC\").should('exist').click();\n  cy.wait(1000);\n  cy.get('.changer-status-btn button').should('exist').click({\n    force: true\n  });\n  cy.get('.check-all p-inputswitch').should('exist').click({\n    waitForAnimations: false\n  });\n  cy.wait(500);\n  cy.get('.transmettre-pc-btn button').should('exist').click({\n    waitForAnimations: false\n  });\n  cy.get('.check-all p-inputswitch').should('exist').click({\n    waitForAnimations: false\n  });\n} else {\n  console.log('Login failed');\n}",
              "err": {},
              "uuid": "33bca108-c547-4804-b986-29090e09d196",
              "parentUUID": "ddfd439b-e978-49d3-b096-ca247f1a84b6",
              "isHook": false,
              "skipped": false
            },
            {
              "title": "Projet de PC à envoyer vers Projet de PC Validé",
              "fullTitle": "My Web Application Tests Projet de PC à envoyer vers Projet de PC Validé",
              "timedOut": null,
              "duration": 40016,
              "state": "passed",
              "speed": "slow",
              "pass": true,
              "fail": false,
              "pending": false,
              "context": null,
              "code": "cy.wait(1000);\ncy.visit('/');\ncy.wait(500);\ncy.reload(true);\nLogin(b011jpz.username, b011jpz.password);\nCypress.on('uncaught:exception', (err, runnable) => {\n  Cypress.runner.stop(); // Stop the test run\n});\nCypress.on('fail', (error, runnable) => {\n  Cypress.runner.stop(); // Stop the test run\n});\nconst isLoginSuccessful = checkLogin(b011jpz.username, b011jpz.password, b011jpz);\nif (isLoginSuccessful) {\n  cy.visit('/');\n  cy.reload(true);\n  cy.get('.search-tabs ul li').eq(1).click();\n  cy.get(\"#numproject\").should('exist').type(NUM_PROJET);\n  cy.get('app-project-project-search-input .search  button').should('exist').click();\n  cy.get('.project-0 .button-expandable-project button').should('exist').click();\n  cy.get('.row-expanded tr:first-child .vp-col-actions .plm-grouped-button button').should('exist').click();\n  cy.get(' .ouvrir-action button').should('exist').click({\n    waitForAnimations: false\n  });\n  cy.get('.actions-cell a').should('exist').click();\n  cy.get('app-etude-table .p-panel-icons-end button').should('exist').click();\n  cy.get('.tarif-0 .contrats-link').should('exist').click();\n  cy.wait(1000);\n  cy.get('.check-all p-inputswitch').should('exist').click();\n  cy.wait(1000);\n  cy.get('.envoyer-btn button').should('exist').click();\n  cy.get('.confirmer-btn button').should('exist').click();\n  cy.wait(5000);\n  cy.get('.check-all p-inputswitch').should('exist').click();\n  cy.get('.valider-btn button').should('exist').click();\n  cy.get('.check-all p-inputswitch').should('exist').click({\n    waitForAnimations: false\n  });\n} else {\n  console.log('Login failed');\n}",
              "err": {},
              "uuid": "da666492-62db-4a53-b872-741adc0a13af",
              "parentUUID": "ddfd439b-e978-49d3-b096-ca247f1a84b6",
              "isHook": false,
              "skipped": false
            },
            {
              "title": "Projet de PC Validé vers PC à envoyer",
              "fullTitle": "My Web Application Tests Projet de PC Validé vers PC à envoyer",
              "timedOut": null,
              "duration": 39130,
              "state": "passed",
              "speed": "slow",
              "pass": true,
              "fail": false,
              "pending": false,
              "context": null,
              "code": "cy.wait(1000);\ncy.visit('/');\ncy.wait(500);\ncy.reload(true);\nLogin(b011juc.username, b011juc.password);\nCypress.on('uncaught:exception', (err, runnable) => {\n  Cypress.runner.stop(); // Stop the test run\n});\nCypress.on('fail', (error, runnable) => {\n  Cypress.runner.stop(); // Stop the test run\n});\nconst isLoginSuccessful = checkLogin(b011juc.username, b011juc.password, b011juc);\nif (isLoginSuccessful) {\n  cy.visit('/');\n  cy.reload(true);\n  cy.get('.search-tabs ul li').eq(1).click();\n  cy.get(\"#numproject\").should('exist').type(NUM_PROJET);\n  cy.get('app-project-project-search-input .search  button').should('exist').click();\n  cy.get('.project-0 .button-expandable-project button').should('exist').click();\n  cy.get('.row-expanded .Process_Cotation .vp-col-actions .plm-grouped-button button').should('exist').click();\n  cy.get(' .ouvrir-action button').should('exist').click({\n    waitForAnimations: false\n  });\n  cy.wait(1000);\n  cy.get('.actions-cell a').should('exist').click({\n    waitForAnimations: false\n  });\n  cy.get('app-etude-table .p-panel-icons-end button').should('exist').click({\n    waitForAnimations: false\n  });\n  cy.get('.tarif-0 .contrats-link').should('exist').click({\n    waitForAnimations: false\n  });\n  cy.wait(1000);\n  cy.get('.check-all p-inputswitch').should('exist').click({\n    waitForAnimations: false\n  });\n  cy.wait(1000);\n  cy.get(\".contractStatusDropDown .p-dropdown-trigger\").should('exist').click();\n  cy.get('p-dropdownitem').contains(\"PC définitives\").should('exist').click();\n  cy.wait(1000);\n  cy.get('.changer-status-btn button').should('exist').click({\n    force: true\n  });\n  cy.get('.check-all p-inputswitch').should('exist').click({\n    waitForAnimations: false\n  });\n  cy.wait(1000);\n  cy.get('.meg-btn button').should('exist').click({\n    waitForAnimations: false\n  });\n  cy.get('.check-all p-inputswitch').should('exist').click({\n    waitForAnimations: false\n  });\n  cy.wait(1000);\n  cy.get(\".contractStatusDropDown .p-dropdown-trigger\").should('exist').click();\n  cy.get('p-dropdownitem').contains(\"PC à envoyer\").should('exist').click();\n  cy.wait(1000);\n  cy.get('.changer-status-btn button').should('exist').click({\n    force: true\n  });\n} else {\n  console.log('Login failed');\n}",
              "err": {},
              "uuid": "2aa84514-227d-47a3-bc07-840d81d97ccb",
              "parentUUID": "ddfd439b-e978-49d3-b096-ca247f1a84b6",
              "isHook": false,
              "skipped": false
            },
            {
              "title": "PC à envoyer vers Finalisé",
              "fullTitle": "My Web Application Tests PC à envoyer vers Finalisé",
              "timedOut": null,
              "duration": 39569,
              "state": "passed",
              "speed": "slow",
              "pass": true,
              "fail": false,
              "pending": false,
              "context": null,
              "code": "cy.wait(1000);\ncy.visit('/');\ncy.wait(500);\ncy.reload(true);\nLogin(b011jpz.username, b011jpz.password);\nCypress.on('uncaught:exception', (err, runnable) => {\n  Cypress.runner.stop(); // Stop the test run\n});\nCypress.on('fail', (error, runnable) => {\n  Cypress.runner.stop(); // Stop the test run\n});\nconst isLoginSuccessful = checkLogin(b011jpz.username, b011jpz.password, b011jpz);\nif (isLoginSuccessful) {\n  cy.visit('/');\n  cy.reload(true);\n  cy.get('.search-tabs ul li').eq(1).click();\n  cy.get(\"#numproject\").should('exist').type(NUM_PROJET);\n  cy.get('app-project-project-search-input .search  button').should('exist').click();\n  cy.get('.project-0 .vp-col-actions app-view-row-navigator button').should('exist').click();\n  cy.contains('li span', \"Offre commerciale\").click({\n    waitForAnimations: false\n  });\n  cy.wait(1000);\n  cy.get('.actions-cell a').should('exist').click();\n  cy.get('app-etude-table .p-panel-icons-end button').should('exist').click();\n  cy.get('.tarif-0 .contrats-link').should('exist').click();\n  cy.wait(1000);\n  cy.get('.check-all p-inputswitch').should('exist').click();\n  cy.wait(1000);\n  cy.get('.envoyer-btn button').should('exist').click();\n  cy.get('.confirmer-btn button').should('exist').click({\n    force: true\n  });\n  cy.wait(5000);\n  cy.get('.check-all p-inputswitch').should('exist').click();\n  cy.get(\".contractStatusDropDown .p-dropdown-trigger\").should('exist').click();\n  cy.get('p-dropdownitem').contains(\"PC signées\").should('exist').click();\n  cy.wait(1000);\n  cy.get('.changer-status-btn button').should('exist').click({\n    force: true\n  });\n  cy.wait(3000);\n  cy.get('.check-all p-inputswitch').should('exist').click();\n  cy.get(\".contractStatusDropDown .p-dropdown-trigger\").should('exist').click();\n  cy.get('p-dropdownitem').contains(\"Finalisé\").should('exist').click();\n  cy.wait(1000);\n  cy.get('.changer-status-btn button').should('exist').click({\n    force: true\n  });\n} else {\n  console.log('Login failed');\n}",
              "err": {},
              "uuid": "2d8f36c5-7b65-4730-af5d-0f7de5f6488b",
              "parentUUID": "ddfd439b-e978-49d3-b096-ca247f1a84b6",
              "isHook": false,
              "skipped": false
            }
          ],
          "suites": [],
          "passes": [
            "645c9ef1-e3a9-4921-982a-d63269c6e53b",
            "ffb854ad-2aa4-4a00-9129-e25490002145",
            "cf051354-c889-4f5d-a70a-6695a374e573",
            "bdd7c3ff-0b65-43fb-bfb1-c07a3733bc66",
            "5af2c74a-b068-4a34-b806-55e2564e4d37",
            "1d5276ef-f7c0-4f1a-832b-2472de5f2f22",
            "e9fe8393-578a-46df-adc1-3f302058ee6e",
            "b594ac71-8424-47d4-9b29-6c103b1ae9bb",
            "33bca108-c547-4804-b986-29090e09d196",
            "da666492-62db-4a53-b872-741adc0a13af",
            "2aa84514-227d-47a3-bc07-840d81d97ccb",
            "2d8f36c5-7b65-4730-af5d-0f7de5f6488b"
          ],
          "failures": [],
          "pending": [],
          "skipped": [],
          "duration": 822111,
          "root": false,
          "rootEmpty": false,
          "_timeout": 2000
        }
      ],
      "passes": [],
      "failures": [],
      "pending": [],
      "skipped": [],
      "duration": 0,
      "root": true,
      "rootEmpty": true,
      "_timeout": 2000
    }
  ],
  "meta": {
    "mocha": {
      "version": "7.0.1"
    },
    "mochawesome": {
      "options": {
        "quiet": false,
        "reportFilename": "mochawesome",
        "saveHtml": true,
        "saveJson": true,
        "consoleReporter": "spec",
        "useInlineDiffs": false,
        "code": true
      },
      "version": "7.1.3"
    },
    "marge": {
      "options": {
        "reportDir": "cypress/reports/mochareports",
        "overwrite": true,
        "html": true,
        "json": true
      },
      "version": "6.2.0"
    }
  }
}